Arguments: 
  /usr/local/Cellar/node/15.1.0/bin/node /usr/local/bin/yarn

PATH: 
  /usr/local/opt/python@3.8/bin:/usr/local/bin:/usr/bin:/bin:/usr/sbin:/sbin:/Users/nreoch/nigel-development/post-media/infrastructure-wordpress/postmedia-infrastructure/scripts

Yarn version: 
  1.22.10

Node version: 
  15.1.0

Platform: 
  darwin x64

Trace: 
  Error: https://registry.yarnpkg.com/@material-ui/icons/-/icons-4.9.1.tgz: ESOCKETTIMEDOUT
      at ClientRequest.<anonymous> (/usr/local/lib/node_modules/yarn/lib/cli.js:141289:19)
      at Object.onceWrapper (node:events:433:28)
      at ClientRequest.emit (node:events:327:20)
      at TLSSocket.emitRequestTimeout (node:_http_client:796:9)
      at Object.onceWrapper (node:events:433:28)
      at TLSSocket.emit (node:events:339:22)
      at TLSSocket.Socket._onTimeout (node:net:470:8)
      at listOnTimeout (node:internal/timers:555:17)
      at processTimers (node:internal/timers:498:7)

npm manifest: 
  {
    "name": "auth",
    "version": "1.0.0",
    "scripts": {
      "test": "echo \"Error: no test specified\" && exit 1"
    },
    "dependencies": {
      "@material-ui/core": "^4.11.0",
      "@material-ui/icons": "^4.9.1",
      "react": "^17.0.1",
      "react-dom": "^17.0.1",
      "react-router-dom": "^5.2.0"
    },
    "devDependencies": {
      "@babel/core": "^7.12.3",
      "@babel/plugin-transform-runtime": "^7.12.1",
      "@babel/preset-env": "^7.12.1",
      "@babel/preset-react": "^7.12.1",
      "babel-loader": "^8.1.0",
      "clean-webpack-plugin": "^3.0.0",
      "css-loader": "^5.0.0",
      "html-webpack-plugin": "^4.5.0",
      "style-loader": "^2.0.0",
      "webpack": "^5.4.0",
      "webpack-cli": "^4.1.0",
      "webpack-dev-server": "^3.11.0",
      "webpack-merge": "^5.2.0"
    }
  }

yarn manifest: 
  No manifest

Lockfile: 
  No lockfile
